[ 2015-10-19T00:00:09+08:00 ] 127.0.0.1 /Index/index
INFO: [ app_init ] --START--
INFO: Run Behavior\BuildLiteBehavior [ RunTime:0.000009s ]
INFO: [ app_init ] --END-- [ RunTime:0.000186s ]
INFO: [ app_begin ] --START--
INFO: Run Behavior\ReadHtmlCacheBehavior [ RunTime:0.000225s ]
INFO: [ app_begin ] --END-- [ RunTime:0.000252s ]
SQL: SHOW COLUMNS FROM `cns_ad` [ RunTime:0.0095s ]
SQL: SELECT * FROM `cns_ad` WHERE `number` = 1 ORDER BY sort asc, id desc LIMIT 4   [ RunTime:0.0003s ]
SQL: SELECT * FROM `cns_ad` WHERE `number` = 2 ORDER BY sort asc, id desc LIMIT 4   [ RunTime:0.0003s ]
SQL: SELECT * FROM `cns_ad` WHERE `number` = 3 ORDER BY sort asc, id desc LIMIT 3   [ RunTime:0.0003s ]
SQL: SELECT * FROM `cns_ad` WHERE `number` = 4 ORDER BY sort asc, id desc LIMIT 3   [ RunTime:0.0003s ]
SQL: SELECT * FROM `cns_ad` WHERE `number` = 5 ORDER BY sort asc, id desc LIMIT 3   [ RunTime:0.0003s ]
SQL: SELECT * FROM `cns_ad` WHERE `number` = 6 ORDER BY sort asc, id desc LIMIT 3   [ RunTime:0.0002s ]
SQL: SHOW COLUMNS FROM `cns_article` [ RunTime:0.0012s ]
SQL: SELECT `id`,`title`,`desc`,`thumb` FROM `cns_article` WHERE `type` = 1 ORDER BY hot desc, sort asc LIMIT 4   [ RunTime:0.0003s ]
SQL: SELECT `id`,`title`,`desc`,`thumb` FROM `cns_article` WHERE `type` = 2 ORDER BY hot desc, sort asc LIMIT 3   [ RunTime:0.0002s ]
INFO: [ view_parse ] --START--
INFO: [ template_filter ] --START--
INFO: Run Behavior\ContentReplaceBehavior [ RunTime:0.000047s ]
INFO: [ template_filter ] --END-- [ RunTime:0.000077s ]
INFO: Run Behavior\ParseTemplateBehavior [ RunTime:0.010540s ]
INFO: [ view_parse ] --END-- [ RunTime:0.010575s ]
INFO: [ view_filter ] --START--
INFO: Run Behavior\WriteHtmlCacheBehavior [ RunTime:0.000098s ]
INFO: [ view_filter ] --END-- [ RunTime:0.000118s ]
INFO: [ app_end ] --START--
INFO: Run Behavior\ShowPageTraceBehavior [ RunTime:0.000369s ]
INFO: [ app_end ] --END-- [ RunTime:0.000406s ]

[ 2015-10-19T00:00:10+08:00 ] 127.0.0.1 /Public/Home/images/icon_play.png
INFO: [ app_init ] --START--
INFO: Run Behavior\BuildLiteBehavior [ RunTime:0.000013s ]
INFO: [ app_init ] --END-- [ RunTime:0.000272s ]

[ 2015-10-19T03:08:03+08:00 ] 127.0.0.1 /favicon.ico?_=710949128
INFO: [ app_init ] --START--
INFO: Run Behavior\BuildLiteBehavior [ RunTime:0.000014s ]
INFO: [ app_init ] --END-- [ RunTime:0.000290s ]

[ 2015-10-19T09:44:19+08:00 ] 127.0.0.1 /favicon.ico?_=272216874
INFO: [ app_init ] --START--
INFO: Run Behavior\BuildLiteBehavior [ RunTime:0.000065s ]
INFO: [ app_init ] --END-- [ RunTime:0.001816s ]

