[ 2015-10-23T13:50:59+08:00 ] 127.0.0.1 /admin
INFO: [ app_init ] --START--
INFO: Run Behavior\BuildLiteBehavior [ RunTime:0.000013s ]
INFO: [ app_init ] --END-- [ RunTime:0.000288s ]
INFO: [ app_begin ] --START--
INFO: Run Behavior\ReadHtmlCacheBehavior [ RunTime:0.000400s ]
INFO: [ app_begin ] --END-- [ RunTime:0.000451s ]

[ 2015-10-23T13:50:59+08:00 ] 127.0.0.1 /Admin/Login/index
INFO: [ app_init ] --START--
INFO: Run Behavior\BuildLiteBehavior [ RunTime:0.000014s ]
INFO: [ app_init ] --END-- [ RunTime:0.000291s ]
INFO: [ app_begin ] --START--
INFO: Run Behavior\ReadHtmlCacheBehavior [ RunTime:0.000380s ]
INFO: [ app_begin ] --END-- [ RunTime:0.000427s ]
INFO: [ view_parse ] --START--
INFO: [ template_filter ] --START--
INFO: Run Behavior\ContentReplaceBehavior [ RunTime:0.000044s ]
INFO: [ template_filter ] --END-- [ RunTime:0.000105s ]
INFO: Run Behavior\ParseTemplateBehavior [ RunTime:0.006518s ]
INFO: [ view_parse ] --END-- [ RunTime:0.006577s ]
INFO: [ view_filter ] --START--
INFO: Run Behavior\WriteHtmlCacheBehavior [ RunTime:0.000397s ]
INFO: [ view_filter ] --END-- [ RunTime:0.000452s ]
INFO: [ app_end ] --START--
INFO: Run Behavior\ShowPageTraceBehavior [ RunTime:0.000582s ]
INFO: [ app_end ] --END-- [ RunTime:0.000626s ]

[ 2015-10-23T13:50:59+08:00 ] 127.0.0.1 /admin
INFO: [ app_init ] --START--
INFO: Run Behavior\BuildLiteBehavior [ RunTime:0.000013s ]
INFO: [ app_init ] --END-- [ RunTime:0.000315s ]
INFO: [ app_begin ] --START--
INFO: Run Behavior\ReadHtmlCacheBehavior [ RunTime:0.000393s ]
INFO: [ app_begin ] --END-- [ RunTime:0.000441s ]

[ 2015-10-23T13:50:59+08:00 ] 127.0.0.1 /Admin/Login/index
INFO: [ app_init ] --START--
INFO: Run Behavior\BuildLiteBehavior [ RunTime:0.000023s ]
INFO: [ app_init ] --END-- [ RunTime:0.000344s ]
INFO: [ app_begin ] --START--
INFO: Run Behavior\ReadHtmlCacheBehavior [ RunTime:0.000438s ]
INFO: [ app_begin ] --END-- [ RunTime:0.000493s ]
INFO: [ view_parse ] --START--
INFO: [ template_filter ] --START--
INFO: Run Behavior\ContentReplaceBehavior [ RunTime:0.000040s ]
INFO: [ template_filter ] --END-- [ RunTime:0.000098s ]
INFO: Run Behavior\ParseTemplateBehavior [ RunTime:0.005735s ]
INFO: [ view_parse ] --END-- [ RunTime:0.005786s ]
INFO: [ view_filter ] --START--
INFO: Run Behavior\WriteHtmlCacheBehavior [ RunTime:0.000145s ]
INFO: [ view_filter ] --END-- [ RunTime:0.000177s ]
INFO: [ app_end ] --START--
INFO: Run Behavior\ShowPageTraceBehavior [ RunTime:0.000402s ]
INFO: [ app_end ] --END-- [ RunTime:0.000482s ]

[ 2015-10-23T13:51:05+08:00 ] 127.0.0.1 /Admin/Login/handle
INFO: [ app_init ] --START--
INFO: Run Behavior\BuildLiteBehavior [ RunTime:0.000009s ]
INFO: [ app_init ] --END-- [ RunTime:0.000207s ]
INFO: [ app_begin ] --START--
INFO: Run Behavior\ReadHtmlCacheBehavior [ RunTime:0.000245s ]
INFO: [ app_begin ] --END-- [ RunTime:0.000276s ]
SQL: SHOW COLUMNS FROM `cns_admin` [ RunTime:0.0043s ]
SQL: SELECT * FROM `cns_admin` WHERE `login` = 'cns' LIMIT 1   [ RunTime:0.0008s ]
SQL: UPDATE `cns_admin` SET `last_login_time`='1445579465',`last_login_ip`='2130706433' WHERE `id` = 1 [ RunTime:0.0007s ]
INFO: [ app_end ] --START--
INFO: Run Behavior\ShowPageTraceBehavior [ RunTime:0.000373s ]
INFO: [ app_end ] --END-- [ RunTime:0.000409s ]

[ 2015-10-23T13:51:06+08:00 ] 127.0.0.1 /admin
INFO: [ app_init ] --START--
INFO: Run Behavior\BuildLiteBehavior [ RunTime:0.000010s ]
INFO: [ app_init ] --END-- [ RunTime:0.000191s ]
INFO: [ app_begin ] --START--
INFO: Run Behavior\ReadHtmlCacheBehavior [ RunTime:0.000231s ]
INFO: [ app_begin ] --END-- [ RunTime:0.000257s ]
INFO: [ view_parse ] --START--
INFO: [ template_filter ] --START--
INFO: Run Behavior\ContentReplaceBehavior [ RunTime:0.000038s ]
INFO: [ template_filter ] --END-- [ RunTime:0.000073s ]
INFO: Run Behavior\ParseTemplateBehavior [ RunTime:0.009462s ]
INFO: [ view_parse ] --END-- [ RunTime:0.009496s ]
INFO: [ view_filter ] --START--
INFO: Run Behavior\WriteHtmlCacheBehavior [ RunTime:0.000099s ]
INFO: [ view_filter ] --END-- [ RunTime:0.000120s ]
INFO: [ app_end ] --START--
INFO: Run Behavior\ShowPageTraceBehavior [ RunTime:0.000320s ]
INFO: [ app_end ] --END-- [ RunTime:0.000347s ]

[ 2015-10-23T13:51:09+08:00 ] 127.0.0.1 /Admin/AdManage/index
INFO: [ app_init ] --START--
INFO: Run Behavior\BuildLiteBehavior [ RunTime:0.000009s ]
INFO: [ app_init ] --END-- [ RunTime:0.000180s ]
INFO: [ app_begin ] --START--
INFO: Run Behavior\ReadHtmlCacheBehavior [ RunTime:0.000218s ]
INFO: [ app_begin ] --END-- [ RunTime:0.000244s ]
SQL: SHOW COLUMNS FROM `cns_ad` [ RunTime:0.0011s ]
SQL: SELECT * FROM `cns_ad` WHERE `number` = 1 ORDER BY sort asc, id desc  [ RunTime:0.0003s ]
INFO: [ view_parse ] --START--
INFO: [ template_filter ] --START--
INFO: Run Behavior\ContentReplaceBehavior [ RunTime:0.000048s ]
INFO: [ template_filter ] --END-- [ RunTime:0.000082s ]
NOTIC: [8] Undefined index: number /Users/yuwei/www/gzdata/Application/Runtime/Cache/Admin/4a8b52e30176ceeff6d39ca5ecf5eaae.php 第 280 行.
NOTIC: [8] Undefined index: number /Users/yuwei/www/gzdata/Application/Runtime/Cache/Admin/4a8b52e30176ceeff6d39ca5ecf5eaae.php 第 280 行.
NOTIC: [8] Undefined index: number /Users/yuwei/www/gzdata/Application/Runtime/Cache/Admin/4a8b52e30176ceeff6d39ca5ecf5eaae.php 第 283 行.
NOTIC: [8] Undefined index: number /Users/yuwei/www/gzdata/Application/Runtime/Cache/Admin/4a8b52e30176ceeff6d39ca5ecf5eaae.php 第 286 行.
NOTIC: [8] Undefined index: number /Users/yuwei/www/gzdata/Application/Runtime/Cache/Admin/4a8b52e30176ceeff6d39ca5ecf5eaae.php 第 289 行.
NOTIC: [8] Undefined index: number /Users/yuwei/www/gzdata/Application/Runtime/Cache/Admin/4a8b52e30176ceeff6d39ca5ecf5eaae.php 第 292 行.
NOTIC: [8] Undefined index: number /Users/yuwei/www/gzdata/Application/Runtime/Cache/Admin/4a8b52e30176ceeff6d39ca5ecf5eaae.php 第 295 行.
NOTIC: [8] Undefined index: number /Users/yuwei/www/gzdata/Application/Runtime/Cache/Admin/4a8b52e30176ceeff6d39ca5ecf5eaae.php 第 306 行.
NOTIC: [8] Use of undefined constant number - assumed 'number' /Users/yuwei/www/gzdata/Application/Runtime/Cache/Admin/4a8b52e30176ceeff6d39ca5ecf5eaae.php 第 330 行.
NOTIC: [8] Use of undefined constant number - assumed 'number' /Users/yuwei/www/gzdata/Application/Runtime/Cache/Admin/4a8b52e30176ceeff6d39ca5ecf5eaae.php 第 331 行.
NOTIC: [8] Use of undefined constant number - assumed 'number' /Users/yuwei/www/gzdata/Application/Runtime/Cache/Admin/4a8b52e30176ceeff6d39ca5ecf5eaae.php 第 330 行.
NOTIC: [8] Use of undefined constant number - assumed 'number' /Users/yuwei/www/gzdata/Application/Runtime/Cache/Admin/4a8b52e30176ceeff6d39ca5ecf5eaae.php 第 331 行.
NOTIC: [8] Use of undefined constant number - assumed 'number' /Users/yuwei/www/gzdata/Application/Runtime/Cache/Admin/4a8b52e30176ceeff6d39ca5ecf5eaae.php 第 330 行.
NOTIC: [8] Use of undefined constant number - assumed 'number' /Users/yuwei/www/gzdata/Application/Runtime/Cache/Admin/4a8b52e30176ceeff6d39ca5ecf5eaae.php 第 331 行.
NOTIC: [8] Use of undefined constant number - assumed 'number' /Users/yuwei/www/gzdata/Application/Runtime/Cache/Admin/4a8b52e30176ceeff6d39ca5ecf5eaae.php 第 330 行.
NOTIC: [8] Use of undefined constant number - assumed 'number' /Users/yuwei/www/gzdata/Application/Runtime/Cache/Admin/4a8b52e30176ceeff6d39ca5ecf5eaae.php 第 331 行.
INFO: Run Behavior\ParseTemplateBehavior [ RunTime:0.011542s ]
INFO: [ view_parse ] --END-- [ RunTime:0.011586s ]
INFO: [ view_filter ] --START--
INFO: Run Behavior\WriteHtmlCacheBehavior [ RunTime:0.000165s ]
INFO: [ view_filter ] --END-- [ RunTime:0.000202s ]
INFO: [ app_end ] --START--
INFO: Run Behavior\ShowPageTraceBehavior [ RunTime:0.000429s ]
INFO: [ app_end ] --END-- [ RunTime:0.000473s ]

[ 2015-10-23T13:51:11+08:00 ] 127.0.0.1 /Admin/AdManage/add
INFO: [ app_init ] --START--
INFO: Run Behavior\BuildLiteBehavior [ RunTime:0.000019s ]
INFO: [ app_init ] --END-- [ RunTime:0.000347s ]
INFO: [ app_begin ] --START--
INFO: Run Behavior\ReadHtmlCacheBehavior [ RunTime:0.000624s ]
INFO: [ app_begin ] --END-- [ RunTime:0.000697s ]
INFO: [ view_parse ] --START--
INFO: [ template_filter ] --START--
INFO: Run Behavior\ContentReplaceBehavior [ RunTime:0.000051s ]
INFO: [ template_filter ] --END-- [ RunTime:0.000094s ]
NOTIC: [8] Undefined variable: titleL2 /Users/yuwei/www/gzdata/Application/Runtime/Cache/Admin/4b4e84ba8cf6bed015bd1fb0796cdf6c.php 第 287 行.
NOTIC: [8] Undefined index: number /Users/yuwei/www/gzdata/Application/Runtime/Cache/Admin/4b4e84ba8cf6bed015bd1fb0796cdf6c.php 第 323 行.
NOTIC: [8] Undefined index: number /Users/yuwei/www/gzdata/Application/Runtime/Cache/Admin/4b4e84ba8cf6bed015bd1fb0796cdf6c.php 第 365 行.
NOTIC: [8] Undefined index: number /Users/yuwei/www/gzdata/Application/Runtime/Cache/Admin/4b4e84ba8cf6bed015bd1fb0796cdf6c.php 第 365 行.
INFO: Run Behavior\ParseTemplateBehavior [ RunTime:0.018698s ]
INFO: [ view_parse ] --END-- [ RunTime:0.018744s ]
INFO: [ view_filter ] --START--
INFO: Run Behavior\WriteHtmlCacheBehavior [ RunTime:0.000110s ]
INFO: [ view_filter ] --END-- [ RunTime:0.000135s ]
INFO: [ app_end ] --START--
INFO: Run Behavior\ShowPageTraceBehavior [ RunTime:0.000399s ]
INFO: [ app_end ] --END-- [ RunTime:0.000438s ]

[ 2015-10-23T13:51:12+08:00 ] 127.0.0.1 /Admin/AdManage/
INFO: [ app_init ] --START--
INFO: Run Behavior\BuildLiteBehavior [ RunTime:0.000009s ]
INFO: [ app_init ] --END-- [ RunTime:0.000178s ]
INFO: [ app_begin ] --START--
INFO: Run Behavior\ReadHtmlCacheBehavior [ RunTime:0.000278s ]
INFO: [ app_begin ] --END-- [ RunTime:0.000311s ]
SQL: SHOW COLUMNS FROM `cns_ad` [ RunTime:0.0022s ]
SQL: SELECT * FROM `cns_ad` WHERE `number` = 1 ORDER BY sort asc, id desc  [ RunTime:0.0004s ]
INFO: [ view_parse ] --START--
INFO: [ template_filter ] --START--
INFO: Run Behavior\ContentReplaceBehavior [ RunTime:0.000046s ]
INFO: [ template_filter ] --END-- [ RunTime:0.000084s ]
NOTIC: [8] Undefined index: number /Users/yuwei/www/gzdata/Application/Runtime/Cache/Admin/4a8b52e30176ceeff6d39ca5ecf5eaae.php 第 280 行.
NOTIC: [8] Undefined index: number /Users/yuwei/www/gzdata/Application/Runtime/Cache/Admin/4a8b52e30176ceeff6d39ca5ecf5eaae.php 第 280 行.
NOTIC: [8] Undefined index: number /Users/yuwei/www/gzdata/Application/Runtime/Cache/Admin/4a8b52e30176ceeff6d39ca5ecf5eaae.php 第 283 行.
NOTIC: [8] Undefined index: number /Users/yuwei/www/gzdata/Application/Runtime/Cache/Admin/4a8b52e30176ceeff6d39ca5ecf5eaae.php 第 286 行.
NOTIC: [8] Undefined index: number /Users/yuwei/www/gzdata/Application/Runtime/Cache/Admin/4a8b52e30176ceeff6d39ca5ecf5eaae.php 第 289 行.
NOTIC: [8] Undefined index: number /Users/yuwei/www/gzdata/Application/Runtime/Cache/Admin/4a8b52e30176ceeff6d39ca5ecf5eaae.php 第 292 行.
NOTIC: [8] Undefined index: number /Users/yuwei/www/gzdata/Application/Runtime/Cache/Admin/4a8b52e30176ceeff6d39ca5ecf5eaae.php 第 295 行.
NOTIC: [8] Undefined index: number /Users/yuwei/www/gzdata/Application/Runtime/Cache/Admin/4a8b52e30176ceeff6d39ca5ecf5eaae.php 第 306 行.
NOTIC: [8] Use of undefined constant number - assumed 'number' /Users/yuwei/www/gzdata/Application/Runtime/Cache/Admin/4a8b52e30176ceeff6d39ca5ecf5eaae.php 第 330 行.
NOTIC: [8] Use of undefined constant number - assumed 'number' /Users/yuwei/www/gzdata/Application/Runtime/Cache/Admin/4a8b52e30176ceeff6d39ca5ecf5eaae.php 第 331 行.
NOTIC: [8] Use of undefined constant number - assumed 'number' /Users/yuwei/www/gzdata/Application/Runtime/Cache/Admin/4a8b52e30176ceeff6d39ca5ecf5eaae.php 第 330 行.
NOTIC: [8] Use of undefined constant number - assumed 'number' /Users/yuwei/www/gzdata/Application/Runtime/Cache/Admin/4a8b52e30176ceeff6d39ca5ecf5eaae.php 第 331 行.
NOTIC: [8] Use of undefined constant number - assumed 'number' /Users/yuwei/www/gzdata/Application/Runtime/Cache/Admin/4a8b52e30176ceeff6d39ca5ecf5eaae.php 第 330 行.
NOTIC: [8] Use of undefined constant number - assumed 'number' /Users/yuwei/www/gzdata/Application/Runtime/Cache/Admin/4a8b52e30176ceeff6d39ca5ecf5eaae.php 第 331 行.
NOTIC: [8] Use of undefined constant number - assumed 'number' /Users/yuwei/www/gzdata/Application/Runtime/Cache/Admin/4a8b52e30176ceeff6d39ca5ecf5eaae.php 第 330 行.
NOTIC: [8] Use of undefined constant number - assumed 'number' /Users/yuwei/www/gzdata/Application/Runtime/Cache/Admin/4a8b52e30176ceeff6d39ca5ecf5eaae.php 第 331 行.
INFO: Run Behavior\ParseTemplateBehavior [ RunTime:0.012782s ]
INFO: [ view_parse ] --END-- [ RunTime:0.013018s ]
INFO: [ view_filter ] --START--
INFO: Run Behavior\WriteHtmlCacheBehavior [ RunTime:0.000125s ]
INFO: [ view_filter ] --END-- [ RunTime:0.000151s ]
INFO: [ app_end ] --START--
INFO: Run Behavior\ShowPageTraceBehavior [ RunTime:0.000507s ]
INFO: [ app_end ] --END-- [ RunTime:0.000558s ]

[ 2015-10-23T14:01:56+08:00 ] 127.0.0.1 /Admin/AdManage/add
INFO: [ app_init ] --START--
INFO: Run Behavior\BuildLiteBehavior [ RunTime:0.000012s ]
INFO: [ app_init ] --END-- [ RunTime:0.000492s ]
INFO: [ app_begin ] --START--
INFO: Run Behavior\ReadHtmlCacheBehavior [ RunTime:0.000691s ]
INFO: [ app_begin ] --END-- [ RunTime:0.000759s ]
INFO: [ view_parse ] --START--
INFO: [ template_filter ] --START--
INFO: Run Behavior\ContentReplaceBehavior [ RunTime:0.000064s ]
INFO: [ template_filter ] --END-- [ RunTime:0.000111s ]
NOTIC: [8] Undefined variable: titleL2 /Users/yuwei/www/gzdata/Application/Runtime/Cache/Admin/4b4e84ba8cf6bed015bd1fb0796cdf6c.php 第 287 行.
NOTIC: [8] Undefined index: number /Users/yuwei/www/gzdata/Application/Runtime/Cache/Admin/4b4e84ba8cf6bed015bd1fb0796cdf6c.php 第 323 行.
NOTIC: [8] Undefined index: number /Users/yuwei/www/gzdata/Application/Runtime/Cache/Admin/4b4e84ba8cf6bed015bd1fb0796cdf6c.php 第 365 行.
NOTIC: [8] Undefined index: number /Users/yuwei/www/gzdata/Application/Runtime/Cache/Admin/4b4e84ba8cf6bed015bd1fb0796cdf6c.php 第 365 行.
INFO: Run Behavior\ParseTemplateBehavior [ RunTime:0.018620s ]
INFO: [ view_parse ] --END-- [ RunTime:0.018656s ]
INFO: [ view_filter ] --START--
INFO: Run Behavior\WriteHtmlCacheBehavior [ RunTime:0.000423s ]
INFO: [ view_filter ] --END-- [ RunTime:0.000464s ]
INFO: [ app_end ] --START--
INFO: Run Behavior\ShowPageTraceBehavior [ RunTime:0.000526s ]
INFO: [ app_end ] --END-- [ RunTime:0.000591s ]

[ 2015-10-23T14:04:04+08:00 ] 127.0.0.1 /Admin/AdManage/
INFO: [ app_init ] --START--
INFO: Run Behavior\BuildLiteBehavior [ RunTime:0.000013s ]
INFO: [ app_init ] --END-- [ RunTime:0.000278s ]
INFO: [ app_begin ] --START--
INFO: Run Behavior\ReadHtmlCacheBehavior [ RunTime:0.000554s ]
INFO: [ app_begin ] --END-- [ RunTime:0.000628s ]
SQL: SHOW COLUMNS FROM `cns_ad` [ RunTime:0.0094s ]
SQL: SELECT * FROM `cns_ad` WHERE `number` = 1 ORDER BY sort asc, id desc  [ RunTime:0.0003s ]
INFO: [ view_parse ] --START--
INFO: [ template_filter ] --START--
INFO: Run Behavior\ContentReplaceBehavior [ RunTime:0.000087s ]
INFO: [ template_filter ] --END-- [ RunTime:0.000203s ]
NOTIC: [8] Undefined index: number /Users/yuwei/www/gzdata/Application/Runtime/Cache/Admin/4a8b52e30176ceeff6d39ca5ecf5eaae.php 第 280 行.
NOTIC: [8] Undefined index: number /Users/yuwei/www/gzdata/Application/Runtime/Cache/Admin/4a8b52e30176ceeff6d39ca5ecf5eaae.php 第 280 行.
NOTIC: [8] Undefined index: number /Users/yuwei/www/gzdata/Application/Runtime/Cache/Admin/4a8b52e30176ceeff6d39ca5ecf5eaae.php 第 283 行.
NOTIC: [8] Undefined index: number /Users/yuwei/www/gzdata/Application/Runtime/Cache/Admin/4a8b52e30176ceeff6d39ca5ecf5eaae.php 第 286 行.
NOTIC: [8] Undefined index: number /Users/yuwei/www/gzdata/Application/Runtime/Cache/Admin/4a8b52e30176ceeff6d39ca5ecf5eaae.php 第 289 行.
NOTIC: [8] Undefined index: number /Users/yuwei/www/gzdata/Application/Runtime/Cache/Admin/4a8b52e30176ceeff6d39ca5ecf5eaae.php 第 292 行.
NOTIC: [8] Undefined index: number /Users/yuwei/www/gzdata/Application/Runtime/Cache/Admin/4a8b52e30176ceeff6d39ca5ecf5eaae.php 第 295 行.
NOTIC: [8] Undefined index: number /Users/yuwei/www/gzdata/Application/Runtime/Cache/Admin/4a8b52e30176ceeff6d39ca5ecf5eaae.php 第 306 行.
NOTIC: [8] Use of undefined constant number - assumed 'number' /Users/yuwei/www/gzdata/Application/Runtime/Cache/Admin/4a8b52e30176ceeff6d39ca5ecf5eaae.php 第 330 行.
NOTIC: [8] Use of undefined constant number - assumed 'number' /Users/yuwei/www/gzdata/Application/Runtime/Cache/Admin/4a8b52e30176ceeff6d39ca5ecf5eaae.php 第 331 行.
NOTIC: [8] Use of undefined constant number - assumed 'number' /Users/yuwei/www/gzdata/Application/Runtime/Cache/Admin/4a8b52e30176ceeff6d39ca5ecf5eaae.php 第 330 行.
NOTIC: [8] Use of undefined constant number - assumed 'number' /Users/yuwei/www/gzdata/Application/Runtime/Cache/Admin/4a8b52e30176ceeff6d39ca5ecf5eaae.php 第 331 行.
NOTIC: [8] Use of undefined constant number - assumed 'number' /Users/yuwei/www/gzdata/Application/Runtime/Cache/Admin/4a8b52e30176ceeff6d39ca5ecf5eaae.php 第 330 行.
NOTIC: [8] Use of undefined constant number - assumed 'number' /Users/yuwei/www/gzdata/Application/Runtime/Cache/Admin/4a8b52e30176ceeff6d39ca5ecf5eaae.php 第 331 行.
NOTIC: [8] Use of undefined constant number - assumed 'number' /Users/yuwei/www/gzdata/Application/Runtime/Cache/Admin/4a8b52e30176ceeff6d39ca5ecf5eaae.php 第 330 行.
NOTIC: [8] Use of undefined constant number - assumed 'number' /Users/yuwei/www/gzdata/Application/Runtime/Cache/Admin/4a8b52e30176ceeff6d39ca5ecf5eaae.php 第 331 行.
INFO: Run Behavior\ParseTemplateBehavior [ RunTime:0.015343s ]
INFO: [ view_parse ] --END-- [ RunTime:0.015387s ]
INFO: [ view_filter ] --START--
INFO: Run Behavior\WriteHtmlCacheBehavior [ RunTime:0.000490s ]
INFO: [ view_filter ] --END-- [ RunTime:0.000555s ]
INFO: [ app_end ] --START--
INFO: Run Behavior\ShowPageTraceBehavior [ RunTime:0.001083s ]
INFO: [ app_end ] --END-- [ RunTime:0.001166s ]

[ 2015-10-23T14:06:04+08:00 ] 127.0.0.1 /Admin/Article/index
INFO: [ app_init ] --START--
INFO: Run Behavior\BuildLiteBehavior [ RunTime:0.000008s ]
INFO: [ app_init ] --END-- [ RunTime:0.000185s ]
INFO: [ app_begin ] --START--
INFO: Run Behavior\ReadHtmlCacheBehavior [ RunTime:0.000225s ]
INFO: [ app_begin ] --END-- [ RunTime:0.000251s ]
SQL: SHOW COLUMNS FROM `cns_article` [ RunTime:0.0014s ]
SQL: SELECT COUNT(*) AS tp_count FROM `cns_article` WHERE `status` = 1 AND `type` = 1 LIMIT 1   [ RunTime:0.0043s ]
NOTIC: [2] Division by zero /Users/yuwei/www/gzdata/ThinkPHP/Library/Think/Page.class.php 第 84 行.
SQL: SELECT `id`,`title`,`type`,`desc`,`create_at`,`thumb` FROM `cns_article` WHERE `status` = 1 AND `type` = 1 ORDER BY sort asc, id desc  [ RunTime:0.0004s ]
INFO: [ view_parse ] --START--
INFO: [ template_filter ] --START--
INFO: Run Behavior\ContentReplaceBehavior [ RunTime:0.000051s ]
INFO: [ template_filter ] --END-- [ RunTime:0.000090s ]
NOTIC: [8] Undefined index: type /Users/yuwei/www/gzdata/Application/Runtime/Cache/Admin/7a4184ffe8f804b12b2e7f8851dd8f7d.php 第 283 行.
NOTIC: [8] Undefined index: cate_id /Users/yuwei/www/gzdata/Application/Runtime/Cache/Admin/7a4184ffe8f804b12b2e7f8851dd8f7d.php 第 306 行.
NOTIC: [8] Undefined index: cate_id /Users/yuwei/www/gzdata/Application/Runtime/Cache/Admin/7a4184ffe8f804b12b2e7f8851dd8f7d.php 第 306 行.
NOTIC: [8] Undefined index: cate_id /Users/yuwei/www/gzdata/Application/Runtime/Cache/Admin/7a4184ffe8f804b12b2e7f8851dd8f7d.php 第 306 行.
NOTIC: [8] Undefined index: cate_id /Users/yuwei/www/gzdata/Application/Runtime/Cache/Admin/7a4184ffe8f804b12b2e7f8851dd8f7d.php 第 306 行.
NOTIC: [8] Undefined index: cate_id /Users/yuwei/www/gzdata/Application/Runtime/Cache/Admin/7a4184ffe8f804b12b2e7f8851dd8f7d.php 第 306 行.
NOTIC: [8] Undefined index: cate_id /Users/yuwei/www/gzdata/Application/Runtime/Cache/Admin/7a4184ffe8f804b12b2e7f8851dd8f7d.php 第 306 行.
NOTIC: [8] Undefined index: cate_id /Users/yuwei/www/gzdata/Application/Runtime/Cache/Admin/7a4184ffe8f804b12b2e7f8851dd8f7d.php 第 306 行.
NOTIC: [8] Undefined index: cate_id /Users/yuwei/www/gzdata/Application/Runtime/Cache/Admin/7a4184ffe8f804b12b2e7f8851dd8f7d.php 第 306 行.
INFO: Run Behavior\ParseTemplateBehavior [ RunTime:0.011972s ]
INFO: [ view_parse ] --END-- [ RunTime:0.012003s ]
INFO: [ view_filter ] --START--
INFO: Run Behavior\WriteHtmlCacheBehavior [ RunTime:0.000105s ]
INFO: [ view_filter ] --END-- [ RunTime:0.000127s ]
INFO: [ app_end ] --START--
INFO: Run Behavior\ShowPageTraceBehavior [ RunTime:0.000391s ]
INFO: [ app_end ] --END-- [ RunTime:0.000425s ]

