[ 2015-10-17T23:24:13+08:00 ] 127.0.0.1 /Admin/AdManage/add
INFO: [ app_init ] --START--
INFO: Run Behavior\BuildLiteBehavior [ RunTime:0.000000s ]
INFO: [ app_init ] --END-- [ RunTime:0.000000s ]
INFO: [ app_begin ] --START--
INFO: Run Behavior\ReadHtmlCacheBehavior [ RunTime:0.000000s ]
INFO: [ app_begin ] --END-- [ RunTime:0.000000s ]
INFO: [ view_parse ] --START--
INFO: [ template_filter ] --START--
INFO: Run Behavior\ContentReplaceBehavior [ RunTime:0.000000s ]
INFO: [ template_filter ] --END-- [ RunTime:0.000000s ]
INFO: Run Behavior\ParseTemplateBehavior [ RunTime:0.010001s ]
INFO: [ view_parse ] --END-- [ RunTime:0.010001s ]
INFO: [ view_filter ] --START--
INFO: Run Behavior\WriteHtmlCacheBehavior [ RunTime:0.001000s ]
INFO: [ view_filter ] --END-- [ RunTime:0.001000s ]
INFO: [ app_end ] --START--
INFO: Run Behavior\ShowPageTraceBehavior [ RunTime:0.000000s ]
INFO: [ app_end ] --END-- [ RunTime:0.000000s ]

[ 2015-10-17T23:24:14+08:00 ] 127.0.0.1 /Admin/AdManage/
INFO: [ app_init ] --START--
INFO: Run Behavior\BuildLiteBehavior [ RunTime:0.000000s ]
INFO: [ app_init ] --END-- [ RunTime:0.001000s ]
INFO: [ app_begin ] --START--
INFO: Run Behavior\ReadHtmlCacheBehavior [ RunTime:0.000000s ]
INFO: [ app_begin ] --END-- [ RunTime:0.000000s ]
SQL: SHOW COLUMNS FROM `cns_ad` [ RunTime:0.0020s ]
SQL: SELECT * FROM `cns_ad` ORDER BY sort asc, id desc  [ RunTime:0.0000s ]
INFO: [ view_parse ] --START--
INFO: [ template_filter ] --START--
INFO: Run Behavior\ContentReplaceBehavior [ RunTime:0.000000s ]
INFO: [ template_filter ] --END-- [ RunTime:0.000000s ]
NOTIC: [8] Undefined index: number D:\phpStudy\WWW\gzdata\Application\Runtime\Cache\Admin\4a8b52e30176ceeff6d39ca5ecf5eaae.php 第 293 行.
NOTIC: [8] Undefined index: number D:\phpStudy\WWW\gzdata\Application\Runtime\Cache\Admin\4a8b52e30176ceeff6d39ca5ecf5eaae.php 第 296 行.
NOTIC: [8] Undefined index: number D:\phpStudy\WWW\gzdata\Application\Runtime\Cache\Admin\4a8b52e30176ceeff6d39ca5ecf5eaae.php 第 299 行.
NOTIC: [8] Undefined index: number D:\phpStudy\WWW\gzdata\Application\Runtime\Cache\Admin\4a8b52e30176ceeff6d39ca5ecf5eaae.php 第 302 行.
NOTIC: [8] Undefined index: number D:\phpStudy\WWW\gzdata\Application\Runtime\Cache\Admin\4a8b52e30176ceeff6d39ca5ecf5eaae.php 第 305 行.
NOTIC: [8] Undefined index: number D:\phpStudy\WWW\gzdata\Application\Runtime\Cache\Admin\4a8b52e30176ceeff6d39ca5ecf5eaae.php 第 308 行.
NOTIC: [8] Undefined index: number D:\phpStudy\WWW\gzdata\Application\Runtime\Cache\Admin\4a8b52e30176ceeff6d39ca5ecf5eaae.php 第 319 行.
INFO: Run Behavior\ParseTemplateBehavior [ RunTime:0.012000s ]
INFO: [ view_parse ] --END-- [ RunTime:0.012000s ]
INFO: [ view_filter ] --START--
INFO: Run Behavior\WriteHtmlCacheBehavior [ RunTime:0.001001s ]
INFO: [ view_filter ] --END-- [ RunTime:0.001001s ]
INFO: [ app_end ] --START--
INFO: Run Behavior\ShowPageTraceBehavior [ RunTime:0.001000s ]
INFO: [ app_end ] --END-- [ RunTime:0.001000s ]

[ 2015-10-17T23:24:14+08:00 ] 127.0.0.1 /Admin/AdManage/
INFO: [ app_init ] --START--
INFO: Run Behavior\BuildLiteBehavior [ RunTime:0.000000s ]
INFO: [ app_init ] --END-- [ RunTime:0.001000s ]
INFO: [ app_begin ] --START--
INFO: Run Behavior\ReadHtmlCacheBehavior [ RunTime:0.001000s ]
INFO: [ app_begin ] --END-- [ RunTime:0.001000s ]
SQL: SHOW COLUMNS FROM `cns_ad` [ RunTime:0.0020s ]
SQL: SELECT * FROM `cns_ad` ORDER BY sort asc, id desc  [ RunTime:0.0000s ]
INFO: [ view_parse ] --START--
INFO: [ template_filter ] --START--
INFO: Run Behavior\ContentReplaceBehavior [ RunTime:0.000000s ]
INFO: [ template_filter ] --END-- [ RunTime:0.000000s ]
NOTIC: [8] Undefined index: number D:\phpStudy\WWW\gzdata\Application\Runtime\Cache\Admin\4a8b52e30176ceeff6d39ca5ecf5eaae.php 第 293 行.
NOTIC: [8] Undefined index: number D:\phpStudy\WWW\gzdata\Application\Runtime\Cache\Admin\4a8b52e30176ceeff6d39ca5ecf5eaae.php 第 296 行.
NOTIC: [8] Undefined index: number D:\phpStudy\WWW\gzdata\Application\Runtime\Cache\Admin\4a8b52e30176ceeff6d39ca5ecf5eaae.php 第 299 行.
NOTIC: [8] Undefined index: number D:\phpStudy\WWW\gzdata\Application\Runtime\Cache\Admin\4a8b52e30176ceeff6d39ca5ecf5eaae.php 第 302 行.
NOTIC: [8] Undefined index: number D:\phpStudy\WWW\gzdata\Application\Runtime\Cache\Admin\4a8b52e30176ceeff6d39ca5ecf5eaae.php 第 305 行.
NOTIC: [8] Undefined index: number D:\phpStudy\WWW\gzdata\Application\Runtime\Cache\Admin\4a8b52e30176ceeff6d39ca5ecf5eaae.php 第 308 行.
NOTIC: [8] Undefined index: number D:\phpStudy\WWW\gzdata\Application\Runtime\Cache\Admin\4a8b52e30176ceeff6d39ca5ecf5eaae.php 第 319 行.
INFO: Run Behavior\ParseTemplateBehavior [ RunTime:0.012001s ]
INFO: [ view_parse ] --END-- [ RunTime:0.012001s ]
INFO: [ view_filter ] --START--
INFO: Run Behavior\WriteHtmlCacheBehavior [ RunTime:0.000000s ]
INFO: [ view_filter ] --END-- [ RunTime:0.000000s ]
INFO: [ app_end ] --START--
INFO: Run Behavior\ShowPageTraceBehavior [ RunTime:0.001000s ]
INFO: [ app_end ] --END-- [ RunTime:0.001000s ]

[ 2015-10-17T23:25:50+08:00 ] 127.0.0.1 /Admin/AdManage/add
INFO: [ app_init ] --START--
INFO: Run Behavior\BuildLiteBehavior [ RunTime:0.000000s ]
INFO: [ app_init ] --END-- [ RunTime:0.001000s ]
INFO: [ app_begin ] --START--
INFO: Run Behavior\ReadHtmlCacheBehavior [ RunTime:0.000000s ]
INFO: [ app_begin ] --END-- [ RunTime:0.000000s ]
INFO: [ view_parse ] --START--
INFO: [ template_filter ] --START--
INFO: Run Behavior\ContentReplaceBehavior [ RunTime:0.001000s ]
INFO: [ template_filter ] --END-- [ RunTime:0.001000s ]
INFO: Run Behavior\ParseTemplateBehavior [ RunTime:0.012001s ]
INFO: [ view_parse ] --END-- [ RunTime:0.012001s ]
INFO: [ view_filter ] --START--
INFO: Run Behavior\WriteHtmlCacheBehavior [ RunTime:0.000000s ]
INFO: [ view_filter ] --END-- [ RunTime:0.000000s ]
INFO: [ app_end ] --START--
INFO: Run Behavior\ShowPageTraceBehavior [ RunTime:0.000000s ]
INFO: [ app_end ] --END-- [ RunTime:0.000000s ]

[ 2015-10-17T23:25:51+08:00 ] 127.0.0.1 /Admin/AdManage/
INFO: [ app_init ] --START--
INFO: Run Behavior\BuildLiteBehavior [ RunTime:0.000000s ]
INFO: [ app_init ] --END-- [ RunTime:0.001000s ]
INFO: [ app_begin ] --START--
INFO: Run Behavior\ReadHtmlCacheBehavior [ RunTime:0.001000s ]
INFO: [ app_begin ] --END-- [ RunTime:0.001000s ]
SQL: SHOW COLUMNS FROM `cns_ad` [ RunTime:0.0030s ]
SQL: SELECT * FROM `cns_ad` ORDER BY sort asc, id desc  [ RunTime:0.0000s ]
INFO: [ view_parse ] --START--
INFO: [ template_filter ] --START--
INFO: Run Behavior\ContentReplaceBehavior [ RunTime:0.000000s ]
INFO: [ template_filter ] --END-- [ RunTime:0.000000s ]
NOTIC: [8] Undefined index: number D:\phpStudy\WWW\gzdata\Application\Runtime\Cache\Admin\4a8b52e30176ceeff6d39ca5ecf5eaae.php 第 293 行.
NOTIC: [8] Undefined index: number D:\phpStudy\WWW\gzdata\Application\Runtime\Cache\Admin\4a8b52e30176ceeff6d39ca5ecf5eaae.php 第 296 行.
NOTIC: [8] Undefined index: number D:\phpStudy\WWW\gzdata\Application\Runtime\Cache\Admin\4a8b52e30176ceeff6d39ca5ecf5eaae.php 第 299 行.
NOTIC: [8] Undefined index: number D:\phpStudy\WWW\gzdata\Application\Runtime\Cache\Admin\4a8b52e30176ceeff6d39ca5ecf5eaae.php 第 302 行.
NOTIC: [8] Undefined index: number D:\phpStudy\WWW\gzdata\Application\Runtime\Cache\Admin\4a8b52e30176ceeff6d39ca5ecf5eaae.php 第 305 行.
NOTIC: [8] Undefined index: number D:\phpStudy\WWW\gzdata\Application\Runtime\Cache\Admin\4a8b52e30176ceeff6d39ca5ecf5eaae.php 第 308 行.
NOTIC: [8] Undefined index: number D:\phpStudy\WWW\gzdata\Application\Runtime\Cache\Admin\4a8b52e30176ceeff6d39ca5ecf5eaae.php 第 319 行.
INFO: Run Behavior\ParseTemplateBehavior [ RunTime:0.013001s ]
INFO: [ view_parse ] --END-- [ RunTime:0.013001s ]
INFO: [ view_filter ] --START--
INFO: Run Behavior\WriteHtmlCacheBehavior [ RunTime:0.000000s ]
INFO: [ view_filter ] --END-- [ RunTime:0.000000s ]
INFO: [ app_end ] --START--
INFO: Run Behavior\ShowPageTraceBehavior [ RunTime:0.001000s ]
INFO: [ app_end ] --END-- [ RunTime:0.001000s ]

[ 2015-10-17T23:26:31+08:00 ] 127.0.0.1 /Admin/AdManage/add
INFO: [ app_init ] --START--
INFO: Run Behavior\BuildLiteBehavior [ RunTime:0.000000s ]
INFO: [ app_init ] --END-- [ RunTime:0.000000s ]
INFO: [ app_begin ] --START--
INFO: Run Behavior\ReadHtmlCacheBehavior [ RunTime:0.000000s ]
INFO: [ app_begin ] --END-- [ RunTime:0.000000s ]
INFO: [ view_parse ] --START--
INFO: [ template_filter ] --START--
INFO: Run Behavior\ContentReplaceBehavior [ RunTime:0.000000s ]
INFO: [ template_filter ] --END-- [ RunTime:0.000000s ]
INFO: Run Behavior\ParseTemplateBehavior [ RunTime:0.014001s ]
INFO: [ view_parse ] --END-- [ RunTime:0.014001s ]
INFO: [ view_filter ] --START--
INFO: Run Behavior\WriteHtmlCacheBehavior [ RunTime:0.000000s ]
INFO: [ view_filter ] --END-- [ RunTime:0.000000s ]
INFO: [ app_end ] --START--
INFO: Run Behavior\ShowPageTraceBehavior [ RunTime:0.001000s ]
INFO: [ app_end ] --END-- [ RunTime:0.001000s ]

[ 2015-10-17T23:26:32+08:00 ] 127.0.0.1 /Admin/AdManage/
INFO: [ app_init ] --START--
INFO: Run Behavior\BuildLiteBehavior [ RunTime:0.000000s ]
INFO: [ app_init ] --END-- [ RunTime:0.001000s ]
INFO: [ app_begin ] --START--
INFO: Run Behavior\ReadHtmlCacheBehavior [ RunTime:0.001000s ]
INFO: [ app_begin ] --END-- [ RunTime:0.001000s ]
SQL: SHOW COLUMNS FROM `cns_ad` [ RunTime:0.0030s ]
SQL: SELECT * FROM `cns_ad` ORDER BY sort asc, id desc  [ RunTime:0.0000s ]
INFO: [ view_parse ] --START--
INFO: [ template_filter ] --START--
INFO: Run Behavior\ContentReplaceBehavior [ RunTime:0.000000s ]
INFO: [ template_filter ] --END-- [ RunTime:0.000000s ]
NOTIC: [8] Undefined index: number D:\phpStudy\WWW\gzdata\Application\Runtime\Cache\Admin\4a8b52e30176ceeff6d39ca5ecf5eaae.php 第 293 行.
NOTIC: [8] Undefined index: number D:\phpStudy\WWW\gzdata\Application\Runtime\Cache\Admin\4a8b52e30176ceeff6d39ca5ecf5eaae.php 第 296 行.
NOTIC: [8] Undefined index: number D:\phpStudy\WWW\gzdata\Application\Runtime\Cache\Admin\4a8b52e30176ceeff6d39ca5ecf5eaae.php 第 299 行.
NOTIC: [8] Undefined index: number D:\phpStudy\WWW\gzdata\Application\Runtime\Cache\Admin\4a8b52e30176ceeff6d39ca5ecf5eaae.php 第 302 行.
NOTIC: [8] Undefined index: number D:\phpStudy\WWW\gzdata\Application\Runtime\Cache\Admin\4a8b52e30176ceeff6d39ca5ecf5eaae.php 第 305 行.
NOTIC: [8] Undefined index: number D:\phpStudy\WWW\gzdata\Application\Runtime\Cache\Admin\4a8b52e30176ceeff6d39ca5ecf5eaae.php 第 308 行.
NOTIC: [8] Undefined index: number D:\phpStudy\WWW\gzdata\Application\Runtime\Cache\Admin\4a8b52e30176ceeff6d39ca5ecf5eaae.php 第 319 行.
INFO: Run Behavior\ParseTemplateBehavior [ RunTime:0.012001s ]
INFO: [ view_parse ] --END-- [ RunTime:0.012001s ]
INFO: [ view_filter ] --START--
INFO: Run Behavior\WriteHtmlCacheBehavior [ RunTime:0.000000s ]
INFO: [ view_filter ] --END-- [ RunTime:0.000000s ]
INFO: [ app_end ] --START--
INFO: Run Behavior\ShowPageTraceBehavior [ RunTime:0.000000s ]
INFO: [ app_end ] --END-- [ RunTime:0.000000s ]

[ 2015-10-17T23:27:57+08:00 ] 127.0.0.1 /Admin/AdManage/index
INFO: [ app_init ] --START--
INFO: Run Behavior\BuildLiteBehavior [ RunTime:0.000000s ]
INFO: [ app_init ] --END-- [ RunTime:0.000000s ]
INFO: [ app_begin ] --START--
INFO: Run Behavior\ReadHtmlCacheBehavior [ RunTime:0.001000s ]
INFO: [ app_begin ] --END-- [ RunTime:0.001000s ]
SQL: SHOW COLUMNS FROM `cns_ad` [ RunTime:0.0140s ]
SQL: SELECT * FROM `cns_ad` ORDER BY sort asc, id desc  [ RunTime:0.0000s ]
INFO: [ view_parse ] --START--
INFO: [ template_filter ] --START--
INFO: Run Behavior\ContentReplaceBehavior [ RunTime:0.000000s ]
INFO: [ template_filter ] --END-- [ RunTime:0.000000s ]
NOTIC: [8] Undefined index: number D:\phpStudy\WWW\gzdata\Application\Runtime\Cache\Admin\4a8b52e30176ceeff6d39ca5ecf5eaae.php 第 293 行.
NOTIC: [8] Undefined index: number D:\phpStudy\WWW\gzdata\Application\Runtime\Cache\Admin\4a8b52e30176ceeff6d39ca5ecf5eaae.php 第 296 行.
NOTIC: [8] Undefined index: number D:\phpStudy\WWW\gzdata\Application\Runtime\Cache\Admin\4a8b52e30176ceeff6d39ca5ecf5eaae.php 第 299 行.
NOTIC: [8] Undefined index: number D:\phpStudy\WWW\gzdata\Application\Runtime\Cache\Admin\4a8b52e30176ceeff6d39ca5ecf5eaae.php 第 302 行.
NOTIC: [8] Undefined index: number D:\phpStudy\WWW\gzdata\Application\Runtime\Cache\Admin\4a8b52e30176ceeff6d39ca5ecf5eaae.php 第 305 行.
NOTIC: [8] Undefined index: number D:\phpStudy\WWW\gzdata\Application\Runtime\Cache\Admin\4a8b52e30176ceeff6d39ca5ecf5eaae.php 第 308 行.
NOTIC: [8] Undefined index: number D:\phpStudy\WWW\gzdata\Application\Runtime\Cache\Admin\4a8b52e30176ceeff6d39ca5ecf5eaae.php 第 319 行.
INFO: Run Behavior\ParseTemplateBehavior [ RunTime:0.012001s ]
INFO: [ view_parse ] --END-- [ RunTime:0.012001s ]
INFO: [ view_filter ] --START--
INFO: Run Behavior\WriteHtmlCacheBehavior [ RunTime:0.000000s ]
INFO: [ view_filter ] --END-- [ RunTime:0.000000s ]
INFO: [ app_end ] --START--
INFO: Run Behavior\ShowPageTraceBehavior [ RunTime:0.001000s ]
INFO: [ app_end ] --END-- [ RunTime:0.001000s ]

[ 2015-10-17T23:33:42+08:00 ] 127.0.0.1 /Admin/Index/index
INFO: [ app_init ] --START--
INFO: Run Behavior\BuildLiteBehavior [ RunTime:0.000011s ]
INFO: [ app_init ] --END-- [ RunTime:0.000210s ]
INFO: [ app_begin ] --START--
INFO: Run Behavior\ReadHtmlCacheBehavior [ RunTime:0.000260s ]
INFO: [ app_begin ] --END-- [ RunTime:0.000295s ]
INFO: [ view_parse ] --START--
INFO: [ template_filter ] --START--
INFO: Run Behavior\ContentReplaceBehavior [ RunTime:0.000044s ]
INFO: [ template_filter ] --END-- [ RunTime:0.000159s ]
INFO: Run Behavior\ParseTemplateBehavior [ RunTime:0.008726s ]
INFO: [ view_parse ] --END-- [ RunTime:0.008763s ]
INFO: [ view_filter ] --START--
INFO: Run Behavior\WriteHtmlCacheBehavior [ RunTime:0.000476s ]
INFO: [ view_filter ] --END-- [ RunTime:0.000508s ]
INFO: [ app_end ] --START--
INFO: Run Behavior\ShowPageTraceBehavior [ RunTime:0.000726s ]
INFO: [ app_end ] --END-- [ RunTime:0.000775s ]

[ 2015-10-17T23:33:49+08:00 ] 127.0.0.1 /Admin/Index/index
INFO: [ app_init ] --START--
INFO: Run Behavior\BuildLiteBehavior [ RunTime:0.000009s ]
INFO: [ app_init ] --END-- [ RunTime:0.000177s ]
INFO: [ app_begin ] --START--
INFO: Run Behavior\ReadHtmlCacheBehavior [ RunTime:0.000215s ]
INFO: [ app_begin ] --END-- [ RunTime:0.000241s ]
INFO: [ view_parse ] --START--
INFO: [ template_filter ] --START--
INFO: Run Behavior\ContentReplaceBehavior [ RunTime:0.000038s ]
INFO: [ template_filter ] --END-- [ RunTime:0.000071s ]
INFO: Run Behavior\ParseTemplateBehavior [ RunTime:0.007029s ]
INFO: [ view_parse ] --END-- [ RunTime:0.007058s ]
INFO: [ view_filter ] --START--
INFO: Run Behavior\WriteHtmlCacheBehavior [ RunTime:0.000088s ]
INFO: [ view_filter ] --END-- [ RunTime:0.000107s ]
INFO: [ app_end ] --START--
INFO: Run Behavior\ShowPageTraceBehavior [ RunTime:0.000370s ]
INFO: [ app_end ] --END-- [ RunTime:0.000400s ]

[ 2015-10-17T23:33:50+08:00 ] 127.0.0.1 /Admin/AdManage/index
INFO: [ app_init ] --START--
INFO: Run Behavior\BuildLiteBehavior [ RunTime:0.000013s ]
INFO: [ app_init ] --END-- [ RunTime:0.000212s ]
INFO: [ app_begin ] --START--
INFO: Run Behavior\ReadHtmlCacheBehavior [ RunTime:0.000541s ]
INFO: [ app_begin ] --END-- [ RunTime:0.000629s ]
SQL: SHOW COLUMNS FROM `cns_ad` [ RunTime:0.0182s ]
NOTIC: [8] Undefined variable: pos /Users/yuwei/www/gzdata/Application/Admin/Controller/AdManageController.class.php 第 14 行.
SQL: SELECT * FROM `cns_ad` ORDER BY sort asc, id desc  [ RunTime:0.0013s ]
INFO: [ view_parse ] --START--
INFO: [ template_filter ] --START--
INFO: Run Behavior\ContentReplaceBehavior [ RunTime:0.000077s ]
INFO: [ template_filter ] --END-- [ RunTime:0.000137s ]
NOTIC: [8] Undefined index: number /Users/yuwei/www/gzdata/Application/Runtime/Cache/Admin/4a8b52e30176ceeff6d39ca5ecf5eaae.php 第 293 行.
NOTIC: [8] Undefined index: number /Users/yuwei/www/gzdata/Application/Runtime/Cache/Admin/4a8b52e30176ceeff6d39ca5ecf5eaae.php 第 296 行.
NOTIC: [8] Undefined index: number /Users/yuwei/www/gzdata/Application/Runtime/Cache/Admin/4a8b52e30176ceeff6d39ca5ecf5eaae.php 第 299 行.
NOTIC: [8] Undefined index: number /Users/yuwei/www/gzdata/Application/Runtime/Cache/Admin/4a8b52e30176ceeff6d39ca5ecf5eaae.php 第 302 行.
NOTIC: [8] Undefined index: number /Users/yuwei/www/gzdata/Application/Runtime/Cache/Admin/4a8b52e30176ceeff6d39ca5ecf5eaae.php 第 305 行.
NOTIC: [8] Undefined index: number /Users/yuwei/www/gzdata/Application/Runtime/Cache/Admin/4a8b52e30176ceeff6d39ca5ecf5eaae.php 第 308 行.
NOTIC: [8] Undefined index: number /Users/yuwei/www/gzdata/Application/Runtime/Cache/Admin/4a8b52e30176ceeff6d39ca5ecf5eaae.php 第 319 行.
INFO: Run Behavior\ParseTemplateBehavior [ RunTime:0.013666s ]
INFO: [ view_parse ] --END-- [ RunTime:0.013704s ]
INFO: [ view_filter ] --START--
INFO: Run Behavior\WriteHtmlCacheBehavior [ RunTime:0.000113s ]
INFO: [ view_filter ] --END-- [ RunTime:0.000134s ]
INFO: [ app_end ] --START--
INFO: Run Behavior\ShowPageTraceBehavior [ RunTime:0.000391s ]
INFO: [ app_end ] --END-- [ RunTime:0.000424s ]

[ 2015-10-17T23:33:52+08:00 ] 127.0.0.1 /Admin/AdManage/add
INFO: [ app_init ] --START--
INFO: Run Behavior\BuildLiteBehavior [ RunTime:0.000010s ]
INFO: [ app_init ] --END-- [ RunTime:0.000203s ]
INFO: [ app_begin ] --START--
INFO: Run Behavior\ReadHtmlCacheBehavior [ RunTime:0.000369s ]
INFO: [ app_begin ] --END-- [ RunTime:0.000425s ]
INFO: [ view_parse ] --START--
INFO: [ template_filter ] --START--
INFO: Run Behavior\ContentReplaceBehavior [ RunTime:0.000056s ]
INFO: [ template_filter ] --END-- [ RunTime:0.000096s ]
NOTIC: [8] Undefined index: number /Users/yuwei/www/gzdata/Application/Runtime/Cache/Admin/4b4e84ba8cf6bed015bd1fb0796cdf6c.php 第 336 行.
INFO: Run Behavior\ParseTemplateBehavior [ RunTime:0.009233s ]
INFO: [ view_parse ] --END-- [ RunTime:0.009269s ]
INFO: [ view_filter ] --START--
INFO: Run Behavior\WriteHtmlCacheBehavior [ RunTime:0.000100s ]
INFO: [ view_filter ] --END-- [ RunTime:0.000121s ]
INFO: [ app_end ] --START--
INFO: Run Behavior\ShowPageTraceBehavior [ RunTime:0.000700s ]
INFO: [ app_end ] --END-- [ RunTime:0.000774s ]

[ 2015-10-17T23:33:53+08:00 ] 127.0.0.1 /Admin/AdManage/
INFO: [ app_init ] --START--
INFO: Run Behavior\BuildLiteBehavior [ RunTime:0.000041s ]
INFO: [ app_init ] --END-- [ RunTime:0.000700s ]
INFO: [ app_begin ] --START--
INFO: Run Behavior\ReadHtmlCacheBehavior [ RunTime:0.000600s ]
INFO: [ app_begin ] --END-- [ RunTime:0.000687s ]
SQL: SHOW COLUMNS FROM `cns_ad` [ RunTime:0.0012s ]
NOTIC: [8] Undefined variable: pos /Users/yuwei/www/gzdata/Application/Admin/Controller/AdManageController.class.php 第 14 行.
SQL: SELECT * FROM `cns_ad` ORDER BY sort asc, id desc  [ RunTime:0.0002s ]
INFO: [ view_parse ] --START--
INFO: [ template_filter ] --START--
INFO: Run Behavior\ContentReplaceBehavior [ RunTime:0.000053s ]
INFO: [ template_filter ] --END-- [ RunTime:0.000092s ]
NOTIC: [8] Undefined index: number /Users/yuwei/www/gzdata/Application/Runtime/Cache/Admin/4a8b52e30176ceeff6d39ca5ecf5eaae.php 第 293 行.
NOTIC: [8] Undefined index: number /Users/yuwei/www/gzdata/Application/Runtime/Cache/Admin/4a8b52e30176ceeff6d39ca5ecf5eaae.php 第 296 行.
NOTIC: [8] Undefined index: number /Users/yuwei/www/gzdata/Application/Runtime/Cache/Admin/4a8b52e30176ceeff6d39ca5ecf5eaae.php 第 299 行.
NOTIC: [8] Undefined index: number /Users/yuwei/www/gzdata/Application/Runtime/Cache/Admin/4a8b52e30176ceeff6d39ca5ecf5eaae.php 第 302 行.
NOTIC: [8] Undefined index: number /Users/yuwei/www/gzdata/Application/Runtime/Cache/Admin/4a8b52e30176ceeff6d39ca5ecf5eaae.php 第 305 行.
NOTIC: [8] Undefined index: number /Users/yuwei/www/gzdata/Application/Runtime/Cache/Admin/4a8b52e30176ceeff6d39ca5ecf5eaae.php 第 308 行.
NOTIC: [8] Undefined index: number /Users/yuwei/www/gzdata/Application/Runtime/Cache/Admin/4a8b52e30176ceeff6d39ca5ecf5eaae.php 第 319 行.
INFO: Run Behavior\ParseTemplateBehavior [ RunTime:0.013355s ]
INFO: [ view_parse ] --END-- [ RunTime:0.013383s ]
INFO: [ view_filter ] --START--
INFO: Run Behavior\WriteHtmlCacheBehavior [ RunTime:0.000102s ]
INFO: [ view_filter ] --END-- [ RunTime:0.000123s ]
INFO: [ app_end ] --START--
INFO: Run Behavior\ShowPageTraceBehavior [ RunTime:0.000398s ]
INFO: [ app_end ] --END-- [ RunTime:0.000437s ]

[ 2015-10-17T23:33:55+08:00 ] 127.0.0.1 /Admin/AdManage/index
INFO: [ app_init ] --START--
INFO: Run Behavior\BuildLiteBehavior [ RunTime:0.000009s ]
INFO: [ app_init ] --END-- [ RunTime:0.000175s ]
INFO: [ app_begin ] --START--
INFO: Run Behavior\ReadHtmlCacheBehavior [ RunTime:0.000216s ]
INFO: [ app_begin ] --END-- [ RunTime:0.000241s ]
SQL: SHOW COLUMNS FROM `cns_ad` [ RunTime:0.0013s ]
NOTIC: [8] Undefined variable: pos /Users/yuwei/www/gzdata/Application/Admin/Controller/AdManageController.class.php 第 14 行.
SQL: SELECT * FROM `cns_ad` ORDER BY sort asc, id desc  [ RunTime:0.0002s ]
INFO: [ view_parse ] --START--
INFO: [ template_filter ] --START--
INFO: Run Behavior\ContentReplaceBehavior [ RunTime:0.000058s ]
INFO: [ template_filter ] --END-- [ RunTime:0.000096s ]
NOTIC: [8] Undefined index: number /Users/yuwei/www/gzdata/Application/Runtime/Cache/Admin/4a8b52e30176ceeff6d39ca5ecf5eaae.php 第 293 行.
NOTIC: [8] Undefined index: number /Users/yuwei/www/gzdata/Application/Runtime/Cache/Admin/4a8b52e30176ceeff6d39ca5ecf5eaae.php 第 296 行.
NOTIC: [8] Undefined index: number /Users/yuwei/www/gzdata/Application/Runtime/Cache/Admin/4a8b52e30176ceeff6d39ca5ecf5eaae.php 第 299 行.
NOTIC: [8] Undefined index: number /Users/yuwei/www/gzdata/Application/Runtime/Cache/Admin/4a8b52e30176ceeff6d39ca5ecf5eaae.php 第 302 行.
NOTIC: [8] Undefined index: number /Users/yuwei/www/gzdata/Application/Runtime/Cache/Admin/4a8b52e30176ceeff6d39ca5ecf5eaae.php 第 305 行.
NOTIC: [8] Undefined index: number /Users/yuwei/www/gzdata/Application/Runtime/Cache/Admin/4a8b52e30176ceeff6d39ca5ecf5eaae.php 第 308 行.
NOTIC: [8] Undefined index: number /Users/yuwei/www/gzdata/Application/Runtime/Cache/Admin/4a8b52e30176ceeff6d39ca5ecf5eaae.php 第 319 行.
INFO: Run Behavior\ParseTemplateBehavior [ RunTime:0.013952s ]
INFO: [ view_parse ] --END-- [ RunTime:0.014011s ]
INFO: [ view_filter ] --START--
INFO: Run Behavior\WriteHtmlCacheBehavior [ RunTime:0.000211s ]
INFO: [ view_filter ] --END-- [ RunTime:0.000250s ]
INFO: [ app_end ] --START--
INFO: Run Behavior\ShowPageTraceBehavior [ RunTime:0.000535s ]
INFO: [ app_end ] --END-- [ RunTime:0.000585s ]

[ 2015-10-17T23:33:57+08:00 ] 127.0.0.1 /Admin/AdManage/index/number/1
INFO: [ app_init ] --START--
INFO: Run Behavior\BuildLiteBehavior [ RunTime:0.000009s ]
INFO: [ app_init ] --END-- [ RunTime:0.000175s ]
INFO: [ app_begin ] --START--
INFO: Run Behavior\ReadHtmlCacheBehavior [ RunTime:0.000215s ]
INFO: [ app_begin ] --END-- [ RunTime:0.000241s ]
SQL: SHOW COLUMNS FROM `cns_ad` [ RunTime:0.0017s ]
NOTIC: [8] Undefined variable: pos /Users/yuwei/www/gzdata/Application/Admin/Controller/AdManageController.class.php 第 14 行.
SQL: SELECT * FROM `cns_ad` ORDER BY sort asc, id desc  [ RunTime:0.0002s ]
INFO: [ view_parse ] --START--
INFO: [ template_filter ] --START--
INFO: Run Behavior\ContentReplaceBehavior [ RunTime:0.000067s ]
INFO: [ template_filter ] --END-- [ RunTime:0.000119s ]
INFO: Run Behavior\ParseTemplateBehavior [ RunTime:0.013117s ]
INFO: [ view_parse ] --END-- [ RunTime:0.013170s ]
INFO: [ view_filter ] --START--
INFO: Run Behavior\WriteHtmlCacheBehavior [ RunTime:0.000147s ]
INFO: [ view_filter ] --END-- [ RunTime:0.000180s ]
INFO: [ app_end ] --START--
INFO: Run Behavior\ShowPageTraceBehavior [ RunTime:0.000433s ]
INFO: [ app_end ] --END-- [ RunTime:0.000479s ]

[ 2015-10-17T23:33:59+08:00 ] 127.0.0.1 /Admin/AdManage/index/number/1
INFO: [ app_init ] --START--
INFO: Run Behavior\BuildLiteBehavior [ RunTime:0.000009s ]
INFO: [ app_init ] --END-- [ RunTime:0.000191s ]
INFO: [ app_begin ] --START--
INFO: Run Behavior\ReadHtmlCacheBehavior [ RunTime:0.000236s ]
INFO: [ app_begin ] --END-- [ RunTime:0.000264s ]
SQL: SHOW COLUMNS FROM `cns_ad` [ RunTime:0.0085s ]
NOTIC: [8] Undefined variable: pos /Users/yuwei/www/gzdata/Application/Admin/Controller/AdManageController.class.php 第 14 行.
SQL: SELECT * FROM `cns_ad` ORDER BY sort asc, id desc  [ RunTime:0.0002s ]
INFO: [ view_parse ] --START--
INFO: [ template_filter ] --START--
INFO: Run Behavior\ContentReplaceBehavior [ RunTime:0.000051s ]
INFO: [ template_filter ] --END-- [ RunTime:0.000087s ]
INFO: Run Behavior\ParseTemplateBehavior [ RunTime:0.011861s ]
INFO: [ view_parse ] --END-- [ RunTime:0.011892s ]
INFO: [ view_filter ] --START--
INFO: Run Behavior\WriteHtmlCacheBehavior [ RunTime:0.000095s ]
INFO: [ view_filter ] --END-- [ RunTime:0.000116s ]
INFO: [ app_end ] --START--
INFO: Run Behavior\ShowPageTraceBehavior [ RunTime:0.000342s ]
INFO: [ app_end ] --END-- [ RunTime:0.000379s ]

[ 2015-10-17T23:34:03+08:00 ] 127.0.0.1 /Admin/AdManage/index
INFO: [ app_init ] --START--
INFO: Run Behavior\BuildLiteBehavior [ RunTime:0.000027s ]
INFO: [ app_init ] --END-- [ RunTime:0.000427s ]
INFO: [ app_begin ] --START--
INFO: Run Behavior\ReadHtmlCacheBehavior [ RunTime:0.000304s ]
INFO: [ app_begin ] --END-- [ RunTime:0.000342s ]
SQL: SHOW COLUMNS FROM `cns_ad` [ RunTime:0.0012s ]
NOTIC: [8] Undefined variable: pos /Users/yuwei/www/gzdata/Application/Admin/Controller/AdManageController.class.php 第 14 行.
SQL: SELECT * FROM `cns_ad` ORDER BY sort asc, id desc  [ RunTime:0.0002s ]
INFO: [ view_parse ] --START--
INFO: [ template_filter ] --START--
INFO: Run Behavior\ContentReplaceBehavior [ RunTime:0.000049s ]
INFO: [ template_filter ] --END-- [ RunTime:0.000082s ]
NOTIC: [8] Undefined index: number /Users/yuwei/www/gzdata/Application/Runtime/Cache/Admin/4a8b52e30176ceeff6d39ca5ecf5eaae.php 第 293 行.
NOTIC: [8] Undefined index: number /Users/yuwei/www/gzdata/Application/Runtime/Cache/Admin/4a8b52e30176ceeff6d39ca5ecf5eaae.php 第 296 行.
NOTIC: [8] Undefined index: number /Users/yuwei/www/gzdata/Application/Runtime/Cache/Admin/4a8b52e30176ceeff6d39ca5ecf5eaae.php 第 299 行.
NOTIC: [8] Undefined index: number /Users/yuwei/www/gzdata/Application/Runtime/Cache/Admin/4a8b52e30176ceeff6d39ca5ecf5eaae.php 第 302 行.
NOTIC: [8] Undefined index: number /Users/yuwei/www/gzdata/Application/Runtime/Cache/Admin/4a8b52e30176ceeff6d39ca5ecf5eaae.php 第 305 行.
NOTIC: [8] Undefined index: number /Users/yuwei/www/gzdata/Application/Runtime/Cache/Admin/4a8b52e30176ceeff6d39ca5ecf5eaae.php 第 308 行.
NOTIC: [8] Undefined index: number /Users/yuwei/www/gzdata/Application/Runtime/Cache/Admin/4a8b52e30176ceeff6d39ca5ecf5eaae.php 第 319 行.
INFO: Run Behavior\ParseTemplateBehavior [ RunTime:0.009461s ]
INFO: [ view_parse ] --END-- [ RunTime:0.009490s ]
INFO: [ view_filter ] --START--
INFO: Run Behavior\WriteHtmlCacheBehavior [ RunTime:0.000103s ]
INFO: [ view_filter ] --END-- [ RunTime:0.000122s ]
INFO: [ app_end ] --START--
INFO: Run Behavior\ShowPageTraceBehavior [ RunTime:0.000330s ]
INFO: [ app_end ] --END-- [ RunTime:0.000358s ]

[ 2015-10-17T23:34:10+08:00 ] 127.0.0.1 /Admin/AdManage/index
INFO: [ app_init ] --START--
INFO: Run Behavior\BuildLiteBehavior [ RunTime:0.000009s ]
INFO: [ app_init ] --END-- [ RunTime:0.000176s ]
INFO: [ app_begin ] --START--
INFO: Run Behavior\ReadHtmlCacheBehavior [ RunTime:0.000216s ]
INFO: [ app_begin ] --END-- [ RunTime:0.000242s ]
SQL: SHOW COLUMNS FROM `cns_ad` [ RunTime:0.0084s ]
NOTIC: [8] Undefined variable: pos /Users/yuwei/www/gzdata/Application/Admin/Controller/AdManageController.class.php 第 14 行.
SQL: SELECT * FROM `cns_ad` ORDER BY sort asc, id desc  [ RunTime:0.0002s ]
INFO: [ view_parse ] --START--
INFO: [ template_filter ] --START--
INFO: Run Behavior\ContentReplaceBehavior [ RunTime:0.000048s ]
INFO: [ template_filter ] --END-- [ RunTime:0.000079s ]
NOTIC: [8] Undefined index: number /Users/yuwei/www/gzdata/Application/Runtime/Cache/Admin/4a8b52e30176ceeff6d39ca5ecf5eaae.php 第 293 行.
NOTIC: [8] Undefined index: number /Users/yuwei/www/gzdata/Application/Runtime/Cache/Admin/4a8b52e30176ceeff6d39ca5ecf5eaae.php 第 296 行.
NOTIC: [8] Undefined index: number /Users/yuwei/www/gzdata/Application/Runtime/Cache/Admin/4a8b52e30176ceeff6d39ca5ecf5eaae.php 第 299 行.
NOTIC: [8] Undefined index: number /Users/yuwei/www/gzdata/Application/Runtime/Cache/Admin/4a8b52e30176ceeff6d39ca5ecf5eaae.php 第 302 行.
NOTIC: [8] Undefined index: number /Users/yuwei/www/gzdata/Application/Runtime/Cache/Admin/4a8b52e30176ceeff6d39ca5ecf5eaae.php 第 305 行.
NOTIC: [8] Undefined index: number /Users/yuwei/www/gzdata/Application/Runtime/Cache/Admin/4a8b52e30176ceeff6d39ca5ecf5eaae.php 第 308 行.
NOTIC: [8] Undefined index: number /Users/yuwei/www/gzdata/Application/Runtime/Cache/Admin/4a8b52e30176ceeff6d39ca5ecf5eaae.php 第 319 行.
INFO: Run Behavior\ParseTemplateBehavior [ RunTime:0.009599s ]
INFO: [ view_parse ] --END-- [ RunTime:0.009628s ]
INFO: [ view_filter ] --START--
INFO: Run Behavior\WriteHtmlCacheBehavior [ RunTime:0.000091s ]
INFO: [ view_filter ] --END-- [ RunTime:0.000111s ]
INFO: [ app_end ] --START--
INFO: Run Behavior\ShowPageTraceBehavior [ RunTime:0.000396s ]
INFO: [ app_end ] --END-- [ RunTime:0.000433s ]

[ 2015-10-17T23:34:45+08:00 ] 127.0.0.1 /Admin/AdManage/index
INFO: [ app_init ] --START--
INFO: Run Behavior\BuildLiteBehavior [ RunTime:0.000011s ]
INFO: [ app_init ] --END-- [ RunTime:0.000205s ]
INFO: [ app_begin ] --START--
INFO: Run Behavior\ReadHtmlCacheBehavior [ RunTime:0.000258s ]
INFO: [ app_begin ] --END-- [ RunTime:0.000288s ]
SQL: SHOW COLUMNS FROM `cns_ad` [ RunTime:0.0092s ]
NOTIC: [8] Undefined variable: pos /Users/yuwei/www/gzdata/Application/Admin/Controller/AdManageController.class.php 第 14 行.
SQL: SELECT * FROM `cns_ad` ORDER BY sort asc, id desc  [ RunTime:0.0002s ]
INFO: [ view_parse ] --START--
INFO: [ template_filter ] --START--
INFO: Run Behavior\ContentReplaceBehavior [ RunTime:0.000054s ]
INFO: [ template_filter ] --END-- [ RunTime:0.000089s ]
NOTIC: [8] Undefined index: number /Users/yuwei/www/gzdata/Application/Runtime/Cache/Admin/4a8b52e30176ceeff6d39ca5ecf5eaae.php 第 293 行.
NOTIC: [8] Undefined index: number /Users/yuwei/www/gzdata/Application/Runtime/Cache/Admin/4a8b52e30176ceeff6d39ca5ecf5eaae.php 第 293 行.
NOTIC: [8] Undefined index: number /Users/yuwei/www/gzdata/Application/Runtime/Cache/Admin/4a8b52e30176ceeff6d39ca5ecf5eaae.php 第 296 行.
NOTIC: [8] Undefined index: number /Users/yuwei/www/gzdata/Application/Runtime/Cache/Admin/4a8b52e30176ceeff6d39ca5ecf5eaae.php 第 299 行.
NOTIC: [8] Undefined index: number /Users/yuwei/www/gzdata/Application/Runtime/Cache/Admin/4a8b52e30176ceeff6d39ca5ecf5eaae.php 第 302 行.
NOTIC: [8] Undefined index: number /Users/yuwei/www/gzdata/Application/Runtime/Cache/Admin/4a8b52e30176ceeff6d39ca5ecf5eaae.php 第 305 行.
NOTIC: [8] Undefined index: number /Users/yuwei/www/gzdata/Application/Runtime/Cache/Admin/4a8b52e30176ceeff6d39ca5ecf5eaae.php 第 308 行.
NOTIC: [8] Undefined index: number /Users/yuwei/www/gzdata/Application/Runtime/Cache/Admin/4a8b52e30176ceeff6d39ca5ecf5eaae.php 第 319 行.
INFO: Run Behavior\ParseTemplateBehavior [ RunTime:0.010829s ]
INFO: [ view_parse ] --END-- [ RunTime:0.010860s ]
INFO: [ view_filter ] --START--
INFO: Run Behavior\WriteHtmlCacheBehavior [ RunTime:0.000096s ]
INFO: [ view_filter ] --END-- [ RunTime:0.000117s ]
INFO: [ app_end ] --START--
INFO: Run Behavior\ShowPageTraceBehavior [ RunTime:0.000373s ]
INFO: [ app_end ] --END-- [ RunTime:0.000409s ]

[ 2015-10-17T23:34:47+08:00 ] 127.0.0.1 /Admin/AdManage/index/number/2
INFO: [ app_init ] --START--
INFO: Run Behavior\BuildLiteBehavior [ RunTime:0.000009s ]
INFO: [ app_init ] --END-- [ RunTime:0.000184s ]
INFO: [ app_begin ] --START--
INFO: Run Behavior\ReadHtmlCacheBehavior [ RunTime:0.000245s ]
INFO: [ app_begin ] --END-- [ RunTime:0.000276s ]
SQL: SHOW COLUMNS FROM `cns_ad` [ RunTime:0.0014s ]
NOTIC: [8] Undefined variable: pos /Users/yuwei/www/gzdata/Application/Admin/Controller/AdManageController.class.php 第 14 行.
SQL: SELECT * FROM `cns_ad` ORDER BY sort asc, id desc  [ RunTime:0.0003s ]
INFO: [ view_parse ] --START--
INFO: [ template_filter ] --START--
INFO: Run Behavior\ContentReplaceBehavior [ RunTime:0.000048s ]
INFO: [ template_filter ] --END-- [ RunTime:0.000078s ]
INFO: Run Behavior\ParseTemplateBehavior [ RunTime:0.008714s ]
INFO: [ view_parse ] --END-- [ RunTime:0.008748s ]
INFO: [ view_filter ] --START--
INFO: Run Behavior\WriteHtmlCacheBehavior [ RunTime:0.000089s ]
INFO: [ view_filter ] --END-- [ RunTime:0.000111s ]
INFO: [ app_end ] --START--
INFO: Run Behavior\ShowPageTraceBehavior [ RunTime:0.000336s ]
INFO: [ app_end ] --END-- [ RunTime:0.000365s ]

[ 2015-10-17T23:34:48+08:00 ] 127.0.0.1 /Admin/AdManage/index/number/1
INFO: [ app_init ] --START--
INFO: Run Behavior\BuildLiteBehavior [ RunTime:0.000011s ]
INFO: [ app_init ] --END-- [ RunTime:0.000210s ]
INFO: [ app_begin ] --START--
INFO: Run Behavior\ReadHtmlCacheBehavior [ RunTime:0.000243s ]
INFO: [ app_begin ] --END-- [ RunTime:0.000273s ]
SQL: SHOW COLUMNS FROM `cns_ad` [ RunTime:0.0109s ]
NOTIC: [8] Undefined variable: pos /Users/yuwei/www/gzdata/Application/Admin/Controller/AdManageController.class.php 第 14 行.
SQL: SELECT * FROM `cns_ad` ORDER BY sort asc, id desc  [ RunTime:0.0003s ]
INFO: [ view_parse ] --START--
INFO: [ template_filter ] --START--
INFO: Run Behavior\ContentReplaceBehavior [ RunTime:0.000062s ]
INFO: [ template_filter ] --END-- [ RunTime:0.000132s ]
INFO: Run Behavior\ParseTemplateBehavior [ RunTime:0.011411s ]
INFO: [ view_parse ] --END-- [ RunTime:0.011523s ]
INFO: [ view_filter ] --START--
INFO: Run Behavior\WriteHtmlCacheBehavior [ RunTime:0.000314s ]
INFO: [ view_filter ] --END-- [ RunTime:0.000378s ]
INFO: [ app_end ] --START--
INFO: Run Behavior\ShowPageTraceBehavior [ RunTime:0.000967s ]
INFO: [ app_end ] --END-- [ RunTime:0.001078s ]

[ 2015-10-17T23:34:53+08:00 ] 127.0.0.1 /Admin/AdManage/index/number/1
INFO: [ app_init ] --START--
INFO: Run Behavior\BuildLiteBehavior [ RunTime:0.000009s ]
INFO: [ app_init ] --END-- [ RunTime:0.000179s ]
INFO: [ app_begin ] --START--
INFO: Run Behavior\ReadHtmlCacheBehavior [ RunTime:0.000222s ]
INFO: [ app_begin ] --END-- [ RunTime:0.000248s ]
SQL: SHOW COLUMNS FROM `cns_ad` [ RunTime:0.0105s ]
NOTIC: [8] Undefined variable: pos /Users/yuwei/www/gzdata/Application/Admin/Controller/AdManageController.class.php 第 14 行.
SQL: SELECT * FROM `cns_ad` ORDER BY sort asc, id desc  [ RunTime:0.0003s ]
INFO: [ view_parse ] --START--
INFO: [ template_filter ] --START--
INFO: Run Behavior\ContentReplaceBehavior [ RunTime:0.000072s ]
INFO: [ template_filter ] --END-- [ RunTime:0.000125s ]
INFO: Run Behavior\ParseTemplateBehavior [ RunTime:0.017035s ]
INFO: [ view_parse ] --END-- [ RunTime:0.017118s ]
INFO: [ view_filter ] --START--
INFO: Run Behavior\WriteHtmlCacheBehavior [ RunTime:0.000234s ]
INFO: [ view_filter ] --END-- [ RunTime:0.000289s ]
INFO: [ app_end ] --START--
INFO: Run Behavior\ShowPageTraceBehavior [ RunTime:0.000449s ]
INFO: [ app_end ] --END-- [ RunTime:0.000493s ]

[ 2015-10-17T23:34:54+08:00 ] 127.0.0.1 /Admin/AdManage/index/number/1
INFO: [ app_init ] --START--
INFO: Run Behavior\BuildLiteBehavior [ RunTime:0.000017s ]
INFO: [ app_init ] --END-- [ RunTime:0.000338s ]
INFO: [ app_begin ] --START--
INFO: Run Behavior\ReadHtmlCacheBehavior [ RunTime:0.000464s ]
INFO: [ app_begin ] --END-- [ RunTime:0.000506s ]
SQL: SHOW COLUMNS FROM `cns_ad` [ RunTime:0.0089s ]
NOTIC: [8] Undefined variable: pos /Users/yuwei/www/gzdata/Application/Admin/Controller/AdManageController.class.php 第 14 行.
SQL: SELECT * FROM `cns_ad` ORDER BY sort asc, id desc  [ RunTime:0.0004s ]
INFO: [ view_parse ] --START--
INFO: [ template_filter ] --START--
INFO: Run Behavior\ContentReplaceBehavior [ RunTime:0.000051s ]
INFO: [ template_filter ] --END-- [ RunTime:0.000087s ]
INFO: Run Behavior\ParseTemplateBehavior [ RunTime:0.009343s ]
INFO: [ view_parse ] --END-- [ RunTime:0.009376s ]
INFO: [ view_filter ] --START--
INFO: Run Behavior\WriteHtmlCacheBehavior [ RunTime:0.000105s ]
INFO: [ view_filter ] --END-- [ RunTime:0.000127s ]
INFO: [ app_end ] --START--
INFO: Run Behavior\ShowPageTraceBehavior [ RunTime:0.000391s ]
INFO: [ app_end ] --END-- [ RunTime:0.000438s ]

[ 2015-10-17T23:34:55+08:00 ] 127.0.0.1 /Admin/AdManage/index/number/1
INFO: [ app_init ] --START--
INFO: Run Behavior\BuildLiteBehavior [ RunTime:0.000042s ]
INFO: [ app_init ] --END-- [ RunTime:0.000281s ]
INFO: [ app_begin ] --START--
INFO: Run Behavior\ReadHtmlCacheBehavior [ RunTime:0.000261s ]
INFO: [ app_begin ] --END-- [ RunTime:0.000309s ]
SQL: SHOW COLUMNS FROM `cns_ad` [ RunTime:0.0092s ]
NOTIC: [8] Undefined variable: pos /Users/yuwei/www/gzdata/Application/Admin/Controller/AdManageController.class.php 第 14 行.
SQL: SELECT * FROM `cns_ad` ORDER BY sort asc, id desc  [ RunTime:0.0008s ]
INFO: [ view_parse ] --START--
INFO: [ template_filter ] --START--
INFO: Run Behavior\ContentReplaceBehavior [ RunTime:0.000050s ]
INFO: [ template_filter ] --END-- [ RunTime:0.000083s ]
INFO: Run Behavior\ParseTemplateBehavior [ RunTime:0.009782s ]
INFO: [ view_parse ] --END-- [ RunTime:0.009872s ]
INFO: [ view_filter ] --START--
INFO: Run Behavior\WriteHtmlCacheBehavior [ RunTime:0.000213s ]
INFO: [ view_filter ] --END-- [ RunTime:0.000254s ]
INFO: [ app_end ] --START--
INFO: Run Behavior\ShowPageTraceBehavior [ RunTime:0.000666s ]
INFO: [ app_end ] --END-- [ RunTime:0.000730s ]

[ 2015-10-17T23:34:56+08:00 ] 127.0.0.1 /Admin/AdManage/index/number/1
INFO: [ app_init ] --START--
INFO: Run Behavior\BuildLiteBehavior [ RunTime:0.000028s ]
INFO: [ app_init ] --END-- [ RunTime:0.000472s ]
INFO: [ app_begin ] --START--
INFO: Run Behavior\ReadHtmlCacheBehavior [ RunTime:0.000399s ]
INFO: [ app_begin ] --END-- [ RunTime:0.000452s ]
SQL: SHOW COLUMNS FROM `cns_ad` [ RunTime:0.0093s ]
NOTIC: [8] Undefined variable: pos /Users/yuwei/www/gzdata/Application/Admin/Controller/AdManageController.class.php 第 14 行.
SQL: SELECT * FROM `cns_ad` ORDER BY sort asc, id desc  [ RunTime:0.0003s ]
INFO: [ view_parse ] --START--
INFO: [ template_filter ] --START--
INFO: Run Behavior\ContentReplaceBehavior [ RunTime:0.000086s ]
INFO: [ template_filter ] --END-- [ RunTime:0.000172s ]
INFO: Run Behavior\ParseTemplateBehavior [ RunTime:0.014840s ]
INFO: [ view_parse ] --END-- [ RunTime:0.014928s ]
INFO: [ view_filter ] --START--
INFO: Run Behavior\WriteHtmlCacheBehavior [ RunTime:0.000343s ]
INFO: [ view_filter ] --END-- [ RunTime:0.000386s ]
INFO: [ app_end ] --START--
INFO: Run Behavior\ShowPageTraceBehavior [ RunTime:0.000807s ]
INFO: [ app_end ] --END-- [ RunTime:0.000870s ]

[ 2015-10-17T23:35:05+08:00 ] 127.0.0.1 /Admin/AdManage/index/number/2
INFO: [ app_init ] --START--
INFO: Run Behavior\BuildLiteBehavior [ RunTime:0.000010s ]
INFO: [ app_init ] --END-- [ RunTime:0.000192s ]
INFO: [ app_begin ] --START--
INFO: Run Behavior\ReadHtmlCacheBehavior [ RunTime:0.000231s ]
INFO: [ app_begin ] --END-- [ RunTime:0.000259s ]
SQL: SHOW COLUMNS FROM `cns_ad` [ RunTime:0.0085s ]
NOTIC: [8] Undefined variable: pos /Users/yuwei/www/gzdata/Application/Admin/Controller/AdManageController.class.php 第 14 行.
SQL: SELECT * FROM `cns_ad` ORDER BY sort asc, id desc  [ RunTime:0.0002s ]
INFO: [ view_parse ] --START--
INFO: [ template_filter ] --START--
INFO: Run Behavior\ContentReplaceBehavior [ RunTime:0.000065s ]
INFO: [ template_filter ] --END-- [ RunTime:0.000113s ]
INFO: Run Behavior\ParseTemplateBehavior [ RunTime:0.010454s ]
INFO: [ view_parse ] --END-- [ RunTime:0.010495s ]
INFO: [ view_filter ] --START--
INFO: Run Behavior\WriteHtmlCacheBehavior [ RunTime:0.000136s ]
INFO: [ view_filter ] --END-- [ RunTime:0.000168s ]
INFO: [ app_end ] --START--
INFO: Run Behavior\ShowPageTraceBehavior [ RunTime:0.000399s ]
INFO: [ app_end ] --END-- [ RunTime:0.000438s ]

[ 2015-10-17T23:35:06+08:00 ] 127.0.0.1 /Admin/AdManage/index/number/3
INFO: [ app_init ] --START--
INFO: Run Behavior\BuildLiteBehavior [ RunTime:0.000010s ]
INFO: [ app_init ] --END-- [ RunTime:0.000192s ]
INFO: [ app_begin ] --START--
INFO: Run Behavior\ReadHtmlCacheBehavior [ RunTime:0.000241s ]
INFO: [ app_begin ] --END-- [ RunTime:0.000270s ]
SQL: SHOW COLUMNS FROM `cns_ad` [ RunTime:0.0013s ]
NOTIC: [8] Undefined variable: pos /Users/yuwei/www/gzdata/Application/Admin/Controller/AdManageController.class.php 第 14 行.
SQL: SELECT * FROM `cns_ad` ORDER BY sort asc, id desc  [ RunTime:0.0003s ]
INFO: [ view_parse ] --START--
INFO: [ template_filter ] --START--
INFO: Run Behavior\ContentReplaceBehavior [ RunTime:0.000050s ]
INFO: [ template_filter ] --END-- [ RunTime:0.000081s ]
INFO: Run Behavior\ParseTemplateBehavior [ RunTime:0.008890s ]
INFO: [ view_parse ] --END-- [ RunTime:0.008921s ]
INFO: [ view_filter ] --START--
INFO: Run Behavior\WriteHtmlCacheBehavior [ RunTime:0.000093s ]
INFO: [ view_filter ] --END-- [ RunTime:0.000114s ]
INFO: [ app_end ] --START--
INFO: Run Behavior\ShowPageTraceBehavior [ RunTime:0.000407s ]
INFO: [ app_end ] --END-- [ RunTime:0.000446s ]

[ 2015-10-17T23:35:07+08:00 ] 127.0.0.1 /Admin/AdManage/index/number/1
INFO: [ app_init ] --START--
INFO: Run Behavior\BuildLiteBehavior [ RunTime:0.000012s ]
INFO: [ app_init ] --END-- [ RunTime:0.000392s ]
INFO: [ app_begin ] --START--
INFO: Run Behavior\ReadHtmlCacheBehavior [ RunTime:0.000242s ]
INFO: [ app_begin ] --END-- [ RunTime:0.000271s ]
SQL: SHOW COLUMNS FROM `cns_ad` [ RunTime:0.0011s ]
NOTIC: [8] Undefined variable: pos /Users/yuwei/www/gzdata/Application/Admin/Controller/AdManageController.class.php 第 14 行.
SQL: SELECT * FROM `cns_ad` ORDER BY sort asc, id desc  [ RunTime:0.0002s ]
INFO: [ view_parse ] --START--
INFO: [ template_filter ] --START--
INFO: Run Behavior\ContentReplaceBehavior [ RunTime:0.000049s ]
INFO: [ template_filter ] --END-- [ RunTime:0.000082s ]
INFO: Run Behavior\ParseTemplateBehavior [ RunTime:0.013192s ]
INFO: [ view_parse ] --END-- [ RunTime:0.013224s ]
INFO: [ view_filter ] --START--
INFO: Run Behavior\WriteHtmlCacheBehavior [ RunTime:0.000095s ]
INFO: [ view_filter ] --END-- [ RunTime:0.000115s ]
INFO: [ app_end ] --START--
INFO: Run Behavior\ShowPageTraceBehavior [ RunTime:0.000324s ]
INFO: [ app_end ] --END-- [ RunTime:0.000351s ]

[ 2015-10-17T23:35:10+08:00 ] 127.0.0.1 /Admin/AdManage/add/number/1
INFO: [ app_init ] --START--
INFO: Run Behavior\BuildLiteBehavior [ RunTime:0.000010s ]
INFO: [ app_init ] --END-- [ RunTime:0.000181s ]
INFO: [ app_begin ] --START--
INFO: Run Behavior\ReadHtmlCacheBehavior [ RunTime:0.000275s ]
INFO: [ app_begin ] --END-- [ RunTime:0.000312s ]
INFO: [ view_parse ] --START--
INFO: [ template_filter ] --START--
INFO: Run Behavior\ContentReplaceBehavior [ RunTime:0.000061s ]
INFO: [ template_filter ] --END-- [ RunTime:0.000102s ]
INFO: Run Behavior\ParseTemplateBehavior [ RunTime:0.012462s ]
INFO: [ view_parse ] --END-- [ RunTime:0.012517s ]
INFO: [ view_filter ] --START--
INFO: Run Behavior\WriteHtmlCacheBehavior [ RunTime:0.000115s ]
INFO: [ view_filter ] --END-- [ RunTime:0.000139s ]
INFO: [ app_end ] --START--
INFO: Run Behavior\ShowPageTraceBehavior [ RunTime:0.000373s ]
INFO: [ app_end ] --END-- [ RunTime:0.000413s ]

[ 2015-10-17T23:35:10+08:00 ] 127.0.0.1 /Admin/AdManage/add/number/
INFO: [ app_init ] --START--
INFO: Run Behavior\BuildLiteBehavior [ RunTime:0.000037s ]
INFO: [ app_init ] --END-- [ RunTime:0.000600s ]
INFO: [ app_begin ] --START--
INFO: Run Behavior\ReadHtmlCacheBehavior [ RunTime:0.001031s ]
INFO: [ app_begin ] --END-- [ RunTime:0.001151s ]
INFO: [ view_parse ] --START--
INFO: [ template_filter ] --START--
INFO: Run Behavior\ContentReplaceBehavior [ RunTime:0.000049s ]
INFO: [ template_filter ] --END-- [ RunTime:0.000086s ]
INFO: Run Behavior\ParseTemplateBehavior [ RunTime:0.007498s ]
INFO: [ view_parse ] --END-- [ RunTime:0.007554s ]
INFO: [ view_filter ] --START--
INFO: Run Behavior\WriteHtmlCacheBehavior [ RunTime:0.000092s ]
INFO: [ view_filter ] --END-- [ RunTime:0.000110s ]
INFO: [ app_end ] --START--
INFO: Run Behavior\ShowPageTraceBehavior [ RunTime:0.000358s ]
INFO: [ app_end ] --END-- [ RunTime:0.000397s ]

[ 2015-10-17T23:37:37+08:00 ] 127.0.0.1 /Admin/AdManage/add/number/1
INFO: [ app_init ] --START--
INFO: Run Behavior\BuildLiteBehavior [ RunTime:0.000008s ]
INFO: [ app_init ] --END-- [ RunTime:0.000190s ]
INFO: [ app_begin ] --START--
INFO: Run Behavior\ReadHtmlCacheBehavior [ RunTime:0.000242s ]
INFO: [ app_begin ] --END-- [ RunTime:0.000273s ]
INFO: [ view_parse ] --START--
INFO: [ template_filter ] --START--
INFO: Run Behavior\ContentReplaceBehavior [ RunTime:0.000085s ]
INFO: [ template_filter ] --END-- [ RunTime:0.000170s ]
INFO: Run Behavior\ParseTemplateBehavior [ RunTime:0.012547s ]
INFO: [ view_parse ] --END-- [ RunTime:0.012595s ]
INFO: [ view_filter ] --START--
INFO: Run Behavior\WriteHtmlCacheBehavior [ RunTime:0.000142s ]
INFO: [ view_filter ] --END-- [ RunTime:0.000173s ]
INFO: [ app_end ] --START--
INFO: Run Behavior\ShowPageTraceBehavior [ RunTime:0.000427s ]
INFO: [ app_end ] --END-- [ RunTime:0.000473s ]

[ 2015-10-17T23:37:38+08:00 ] 127.0.0.1 /Admin/AdManage/add/number/
INFO: [ app_init ] --START--
INFO: Run Behavior\BuildLiteBehavior [ RunTime:0.000033s ]
INFO: [ app_init ] --END-- [ RunTime:0.000801s ]
INFO: [ app_begin ] --START--
INFO: Run Behavior\ReadHtmlCacheBehavior [ RunTime:0.000459s ]
INFO: [ app_begin ] --END-- [ RunTime:0.000516s ]
INFO: [ view_parse ] --START--
INFO: [ template_filter ] --START--
INFO: Run Behavior\ContentReplaceBehavior [ RunTime:0.000132s ]
INFO: [ template_filter ] --END-- [ RunTime:0.000260s ]
INFO: Run Behavior\ParseTemplateBehavior [ RunTime:0.016587s ]
INFO: [ view_parse ] --END-- [ RunTime:0.016663s ]
INFO: [ view_filter ] --START--
INFO: Run Behavior\WriteHtmlCacheBehavior [ RunTime:0.000136s ]
INFO: [ view_filter ] --END-- [ RunTime:0.000168s ]
INFO: [ app_end ] --START--
INFO: Run Behavior\ShowPageTraceBehavior [ RunTime:0.000392s ]
INFO: [ app_end ] --END-- [ RunTime:0.000435s ]

[ 2015-10-17T23:52:09+08:00 ] 127.0.0.1 /Admin/AdManage/add/number/1
INFO: [ app_init ] --START--
INFO: Run Behavior\BuildLiteBehavior [ RunTime:0.000015s ]
INFO: [ app_init ] --END-- [ RunTime:0.000623s ]
INFO: [ app_begin ] --START--
INFO: Run Behavior\ReadHtmlCacheBehavior [ RunTime:0.000721s ]
INFO: [ app_begin ] --END-- [ RunTime:0.000775s ]
INFO: [ view_parse ] --START--
INFO: [ template_filter ] --START--
INFO: Run Behavior\ContentReplaceBehavior [ RunTime:0.000093s ]
INFO: [ template_filter ] --END-- [ RunTime:0.000177s ]
INFO: Run Behavior\ParseTemplateBehavior [ RunTime:0.012655s ]
INFO: [ view_parse ] --END-- [ RunTime:0.012694s ]
INFO: [ view_filter ] --START--
INFO: Run Behavior\WriteHtmlCacheBehavior [ RunTime:0.000438s ]
INFO: [ view_filter ] --END-- [ RunTime:0.000467s ]
INFO: [ app_end ] --START--
INFO: Run Behavior\ShowPageTraceBehavior [ RunTime:0.000640s ]
INFO: [ app_end ] --END-- [ RunTime:0.000677s ]

[ 2015-10-17T23:52:10+08:00 ] 127.0.0.1 /Admin/AdManage/add/number/
INFO: [ app_init ] --START--
INFO: Run Behavior\BuildLiteBehavior [ RunTime:0.000018s ]
INFO: [ app_init ] --END-- [ RunTime:0.000734s ]
INFO: [ app_begin ] --START--
INFO: Run Behavior\ReadHtmlCacheBehavior [ RunTime:0.000509s ]
INFO: [ app_begin ] --END-- [ RunTime:0.000632s ]
INFO: [ view_parse ] --START--
INFO: [ template_filter ] --START--
INFO: Run Behavior\ContentReplaceBehavior [ RunTime:0.000311s ]
INFO: [ template_filter ] --END-- [ RunTime:0.000617s ]
INFO: Run Behavior\ParseTemplateBehavior [ RunTime:0.026278s ]
INFO: [ view_parse ] --END-- [ RunTime:0.026394s ]
INFO: [ view_filter ] --START--
INFO: Run Behavior\WriteHtmlCacheBehavior [ RunTime:0.000166s ]
INFO: [ view_filter ] --END-- [ RunTime:0.000199s ]
INFO: [ app_end ] --START--
INFO: Run Behavior\ShowPageTraceBehavior [ RunTime:0.000427s ]
INFO: [ app_end ] --END-- [ RunTime:0.000472s ]

[ 2015-10-17T23:52:15+08:00 ] 127.0.0.1 /Admin/Base/uploadAdBigThumb
INFO: [ app_init ] --START--
INFO: Run Behavior\BuildLiteBehavior [ RunTime:0.000010s ]
INFO: [ app_init ] --END-- [ RunTime:0.000209s ]
INFO: [ app_begin ] --START--
INFO: Run Behavior\ReadHtmlCacheBehavior [ RunTime:0.000260s ]
INFO: [ app_begin ] --END-- [ RunTime:0.000297s ]
INFO: [ app_end ] --START--
INFO: Run Behavior\ShowPageTraceBehavior [ RunTime:0.000668s ]
INFO: [ app_end ] --END-- [ RunTime:0.000803s ]

